09:52:04.735 [main] INFO  - c.t.p.a.b.BusinessApplication:::: - Starting BusinessApplication on thanh-Inspiron-15-3567 with PID 9443 (/home/thanh/workspace/pratice/advx_rebuild/saas/application/business/target/classes started by thanh in /home/thanh/workspace/pratice/advx_rebuild/saas)
09:52:04.752 [main] INFO  - c.t.p.a.b.BusinessApplication:::: - No active profile set, falling back to default profiles: default
09:52:05.017 [main] INFO  - o.s.b.c.e.AnnotationConfigEmbeddedWebApplicationContext:::: - Refreshing org.springframework.boot.context.embedded.AnnotationConfigEmbeddedWebApplicationContext@3bb9a3ff: startup date [Tue Apr 07 09:52:05 ICT 2020]; root of context hierarchy
09:52:06.013 [background-preinit] INFO  - o.h.v.i.u.Version:::: - HV000001: Hibernate Validator 5.3.6.Final
09:52:08.715 [main] INFO  - o.s.c.s.PostProcessorRegistrationDelegate$BeanPostProcessorChecker:::: - Bean 'org.apache.camel.spring.boot.CamelAutoConfiguration' of type [org.apache.camel.spring.boot.CamelAutoConfiguration$$EnhancerBySpringCGLIB$$744c6743] is not eligible for getting processed by all BeanPostProcessors (for example: not eligible for auto-proxying)
09:52:12.047 [main] INFO  - o.s.b.c.e.t.TomcatEmbeddedServletContainer:::: - Tomcat initialized with port(s): 8080 (http)
09:52:12.069 [main] INFO  - o.a.c.h.Http11NioProtocol:::: - Initializing ProtocolHandler ["http-nio-8080"]
09:52:12.087 [main] INFO  - o.a.c.c.StandardService:::: - Starting service [Tomcat]
09:52:12.087 [main] INFO  - o.a.c.c.StandardEngine:::: - Starting Servlet Engine: Apache Tomcat/8.5.43
09:52:12.208 [localhost-startStop-1] INFO  - o.a.c.c.C.[.[.[/]:::: - Initializing Spring embedded WebApplicationContext
09:52:12.208 [localhost-startStop-1] INFO  - o.s.w.c.ContextLoader:::: - Root WebApplicationContext: initialization completed in 7191 ms
09:52:12.354 [localhost-startStop-1] INFO  - o.s.b.w.s.ServletRegistrationBean:::: - Mapping servlet: 'dispatcherServlet' to [/]
09:52:12.358 [localhost-startStop-1] INFO  - o.s.b.w.s.FilterRegistrationBean:::: - Mapping filter: 'characterEncodingFilter' to: [/*]
09:52:12.359 [localhost-startStop-1] INFO  - o.s.b.w.s.FilterRegistrationBean:::: - Mapping filter: 'hiddenHttpMethodFilter' to: [/*]
09:52:12.359 [localhost-startStop-1] INFO  - o.s.b.w.s.FilterRegistrationBean:::: - Mapping filter: 'httpPutFormContentFilter' to: [/*]
09:52:12.359 [localhost-startStop-1] INFO  - o.s.b.w.s.FilterRegistrationBean:::: - Mapping filter: 'requestContextFilter' to: [/*]
09:52:12.665 [main] INFO  - o.a.c.s.b.CamelAutoConfiguration:::: - Using custom EventNotifier with id: saasContextListener and implementation: com.thanh.practice.application.business.SaasContextListener@2ec3633f
09:52:13.276 [main] INFO  - o.s.w.s.m.m.a.RequestMappingHandlerAdapter:::: - Looking for @ControllerAdvice: org.springframework.boot.context.embedded.AnnotationConfigEmbeddedWebApplicationContext@3bb9a3ff: startup date [Tue Apr 07 09:52:05 ICT 2020]; root of context hierarchy
09:52:13.360 [main] INFO  - o.s.w.s.m.m.a.RequestMappingHandlerMapping:::: - Mapped "{[/adapter/provision],methods=[GET]}" onto public void com.thanh.practice.application.business.controller.TestController.test()
09:52:13.363 [main] INFO  - o.s.w.s.m.m.a.RequestMappingHandlerMapping:::: - Mapped "{[/error],produces=[text/html]}" onto public org.springframework.web.servlet.ModelAndView org.springframework.boot.autoconfigure.web.BasicErrorController.errorHtml(javax.servlet.http.HttpServletRequest,javax.servlet.http.HttpServletResponse)
09:52:13.364 [main] INFO  - o.s.w.s.m.m.a.RequestMappingHandlerMapping:::: - Mapped "{[/error]}" onto public org.springframework.http.ResponseEntity<java.util.Map<java.lang.String, java.lang.Object>> org.springframework.boot.autoconfigure.web.BasicErrorController.error(javax.servlet.http.HttpServletRequest)
09:52:13.403 [main] INFO  - o.s.w.s.h.SimpleUrlHandlerMapping:::: - Mapped URL path [/webjars/**] onto handler of type [class org.springframework.web.servlet.resource.ResourceHttpRequestHandler]
09:52:13.403 [main] INFO  - o.s.w.s.h.SimpleUrlHandlerMapping:::: - Mapped URL path [/**] onto handler of type [class org.springframework.web.servlet.resource.ResourceHttpRequestHandler]
09:52:13.448 [main] INFO  - o.s.w.s.h.SimpleUrlHandlerMapping:::: - Mapped URL path [/**/favicon.ico] onto handler of type [class org.springframework.web.servlet.resource.ResourceHttpRequestHandler]
09:52:13.558 [main] INFO  - o.a.c.i.c.DefaultTypeConverter:::: - Type converters loaded (core: 195, classpath: 4)
09:52:14.474 [main] INFO  - c.d.d.c.ClockFactory:::: - Using native clock to generate timestamps.
09:52:14.802 [main] INFO  - o.s.j.e.a.AnnotationMBeanExporter:::: - Registering beans for JMX exposure on startup
09:52:14.813 [main] INFO  - o.s.c.s.DefaultLifecycleProcessor:::: - Starting beans in phase 2147483647
09:52:14.861 [main] INFO  - o.a.c.s.b.RoutesCollector:::: - Loading additional Camel XML routes from: classpath:camel/*.xml
09:52:14.861 [main] INFO  - o.a.c.s.b.RoutesCollector:::: - Loading additional Camel XML rests from: classpath:camel-rest/*.xml
09:52:14.871 [main] INFO  - o.a.c.s.SpringCamelContext:::: - Apache Camel 2.21.5 (CamelContext: camel-1) is starting
09:52:14.872 [main] INFO  - o.a.c.m.ManagedManagementStrategy:::: - JMX is enabled
09:52:15.166 [main] INFO  - o.a.c.s.SpringCamelContext:::: - StreamCaching is not in use. If using streams then its recommended to enable stream caching. See more details at http://camel.apache.org/stream-caching.html
09:52:15.229 [main] INFO  - o.a.c.s.b.RoutesCollector:::: - Starting CamelMainRunController to ensure the main thread keeps running
09:52:15.499 [main] INFO  - o.a.c.s.SpringCamelContext:::: - Route: route1 started and consuming from: activemq://queue:dev_nvn_TEST_QUEUE
09:52:15.500 [main] INFO  - o.a.c.s.SpringCamelContext:::: - Total 1 routes, of which 1 are started
09:52:15.505 [main] INFO  - o.a.c.s.SpringCamelContext:::: - Apache Camel 2.21.5 (CamelContext: camel-1) started in 0.634 seconds
09:52:15.508 [main] INFO  - o.a.c.h.Http11NioProtocol:::: - Starting ProtocolHandler ["http-nio-8080"]
09:52:15.513 [main] INFO  - o.a.t.u.n.NioSelectorPool:::: - Using a shared selector for servlet write/read
09:52:15.530 [main] INFO  - o.s.b.c.e.t.TomcatEmbeddedServletContainer:::: - Tomcat started on port(s): 8080 (http)
09:52:15.536 [main] INFO  - c.t.p.a.b.BusinessApplication:::: - Started BusinessApplication in 11.746 seconds (JVM running for 13.093)
09:52:20.504 [Camel (camel-1) thread #2 - JmsConsumer[dev_nvn_TEST_QUEUE]] INFO  - o.a.c.c.j.DefaultJmsMessageListenerContainer:::: - JMS message listener invoker needs to establish shared Connection
09:52:20.508 [Camel (camel-1) thread #2 - JmsConsumer[dev_nvn_TEST_QUEUE]] ERROR - o.a.c.c.j.DefaultJmsMessageListenerContainer:::: - Could not refresh JMS Connection for destination 'dev_nvn_TEST_QUEUE' - retrying using FixedBackOff{interval=5000, currentAttempts=0, maxAttempts=unlimited}. Cause: Could not connect to broker URL: tcp://localhost:61616. Reason: java.net.ConnectException: Connection refused (Connection refused)
09:52:23.514 [http-nio-8080-exec-1] INFO  - o.a.c.c.C.[.[.[/]:::: - Initializing Spring FrameworkServlet 'dispatcherServlet'
09:52:23.514 [http-nio-8080-exec-1] INFO  - o.s.w.s.DispatcherServlet:::: - FrameworkServlet 'dispatcherServlet': initialization started
09:52:23.532 [http-nio-8080-exec-1] INFO  - o.s.w.s.DispatcherServlet:::: - FrameworkServlet 'dispatcherServlet': initialization completed in 18 ms
09:52:23.569 [http-nio-8080-exec-1] INFO  - nvn::thanhtv3::TestController - adapter/provision___
09:52:23.570 [http-nio-8080-exec-1] INFO  - nvn::::TestController - before enqueue ---
09:52:23.600 [http-nio-8080-exec-1] ERROR - o.a.c.c.C.[.[.[.[dispatcherServlet]:::: - Servlet.service() for servlet [dispatcherServlet] in context with path [] threw exception [Request processing failed; nested exception is org.apache.camel.CamelExecutionException: Exception occurred during execution on the exchange: Exchange[ID-thanh-Inspiron-15-3567-1586227932598-0-1]] with root cause
java.net.ConnectException: Connection refused (Connection refused)
	at java.net.PlainSocketImpl.socketConnect(Native Method)
	at java.net.AbstractPlainSocketImpl.doConnect(AbstractPlainSocketImpl.java:350)
	at java.net.AbstractPlainSocketImpl.connectToAddress(AbstractPlainSocketImpl.java:206)
	at java.net.AbstractPlainSocketImpl.connect(AbstractPlainSocketImpl.java:188)
	at java.net.SocksSocketImpl.connect(SocksSocketImpl.java:392)
	at java.net.Socket.connect(Socket.java:607)
	at org.apache.activemq.transport.tcp.TcpTransport.connect(TcpTransport.java:525)
	at org.apache.activemq.transport.tcp.TcpTransport.doStart(TcpTransport.java:488)
	at org.apache.activemq.util.ServiceSupport.start(ServiceSupport.java:55)
	at org.apache.activemq.transport.AbstractInactivityMonitor.start(AbstractInactivityMonitor.java:169)
	at org.apache.activemq.transport.InactivityMonitor.start(InactivityMonitor.java:52)
	at org.apache.activemq.transport.TransportFilter.start(TransportFilter.java:64)
	at org.apache.activemq.transport.WireFormatNegotiator.start(WireFormatNegotiator.java:72)
	at org.apache.activemq.transport.TransportFilter.start(TransportFilter.java:64)
	at org.apache.activemq.transport.TransportFilter.start(TransportFilter.java:64)
	at org.apache.activemq.ActiveMQConnectionFactory.createActiveMQConnection(ActiveMQConnectionFactory.java:354)
	at org.apache.activemq.ActiveMQConnectionFactory.createActiveMQConnection(ActiveMQConnectionFactory.java:304)
	at org.apache.activemq.ActiveMQConnectionFactory.createConnection(ActiveMQConnectionFactory.java:244)
	at org.springframework.jms.support.JmsAccessor.createConnection(JmsAccessor.java:180)
	at org.springframework.jms.core.JmsTemplate.execute(JmsTemplate.java:474)
	at org.apache.camel.component.jms.JmsConfiguration$CamelJmsTemplate.send(JmsConfiguration.java:526)
	at org.apache.camel.component.jms.JmsProducer.doSend(JmsProducer.java:440)
	at org.apache.camel.component.jms.JmsProducer.processInOnly(JmsProducer.java:394)
	at org.apache.camel.component.jms.JmsProducer.process(JmsProducer.java:157)
	at org.apache.camel.processor.SharedCamelInternalProcessor.process(SharedCamelInternalProcessor.java:186)
	at org.apache.camel.processor.SharedCamelInternalProcessor.process(SharedCamelInternalProcessor.java:86)
	at org.apache.camel.impl.ProducerCache$1.doInProducer(ProducerCache.java:541)
	at org.apache.camel.impl.ProducerCache$1.doInProducer(ProducerCache.java:506)
	at org.apache.camel.impl.ProducerCache.doInProducer(ProducerCache.java:369)
	at org.apache.camel.impl.ProducerCache.sendExchange(ProducerCache.java:506)
	at org.apache.camel.impl.ProducerCache.send(ProducerCache.java:229)
	at org.apache.camel.impl.DefaultProducerTemplate.send(DefaultProducerTemplate.java:144)
	at org.apache.camel.impl.DefaultProducerTemplate.sendBody(DefaultProducerTemplate.java:161)
	at org.apache.camel.impl.DefaultProducerTemplate.sendBody(DefaultProducerTemplate.java:168)
	at com.thanh.practice.saas.service.core.ServiceContextImpl.enqueue(ServiceContextImpl.java:48)
	at com.thanh.practice.application.business.controller.TestController.test(TestController.java:47)
	at sun.reflect.NativeMethodAccessorImpl.invoke0(Native Method)
	at sun.reflect.NativeMethodAccessorImpl.invoke(NativeMethodAccessorImpl.java:62)
	at sun.reflect.DelegatingMethodAccessorImpl.invoke(DelegatingMethodAccessorImpl.java:43)
	at java.lang.reflect.Method.invoke(Method.java:498)
	at org.springframework.web.method.support.InvocableHandlerMethod.doInvoke(InvocableHandlerMethod.java:205)
	at org.springframework.web.method.support.InvocableHandlerMethod.invokeForRequest(InvocableHandlerMethod.java:133)
	at org.springframework.web.servlet.mvc.method.annotation.ServletInvocableHandlerMethod.invokeAndHandle(ServletInvocableHandlerMethod.java:97)
	at org.springframework.web.servlet.mvc.method.annotation.RequestMappingHandlerAdapter.invokeHandlerMethod(RequestMappingHandlerAdapter.java:849)
	at org.springframework.web.servlet.mvc.method.annotation.RequestMappingHandlerAdapter.handleInternal(RequestMappingHandlerAdapter.java:760)
	at org.springframework.web.servlet.mvc.method.AbstractHandlerMethodAdapter.handle(AbstractHandlerMethodAdapter.java:85)
	at org.springframework.web.servlet.DispatcherServlet.doDispatch(DispatcherServlet.java:967)
	at org.springframework.web.servlet.DispatcherServlet.doService(DispatcherServlet.java:901)
	at org.springframework.web.servlet.FrameworkServlet.processRequest(FrameworkServlet.java:970)
	at org.springframework.web.servlet.FrameworkServlet.doGet(FrameworkServlet.java:861)
	at javax.servlet.http.HttpServlet.service(HttpServlet.java:634)
	at org.springframework.web.servlet.FrameworkServlet.service(FrameworkServlet.java:846)
	at javax.servlet.http.HttpServlet.service(HttpServlet.java:741)
	at org.apache.catalina.core.ApplicationFilterChain.internalDoFilter(ApplicationFilterChain.java:231)
	at org.apache.catalina.core.ApplicationFilterChain.doFilter(ApplicationFilterChain.java:166)
	at org.apache.tomcat.websocket.server.WsFilter.doFilter(WsFilter.java:52)
	at org.apache.catalina.core.ApplicationFilterChain.internalDoFilter(ApplicationFilterChain.java:193)
	at org.apache.catalina.core.ApplicationFilterChain.doFilter(ApplicationFilterChain.java:166)
	at org.springframework.web.filter.RequestContextFilter.doFilterInternal(RequestContextFilter.java:99)
	at org.springframework.web.filter.OncePerRequestFilter.doFilter(OncePerRequestFilter.java:107)
	at org.apache.catalina.core.ApplicationFilterChain.internalDoFilter(ApplicationFilterChain.java:193)
	at org.apache.catalina.core.ApplicationFilterChain.doFilter(ApplicationFilterChain.java:166)
	at org.springframework.web.filter.HttpPutFormContentFilter.doFilterInternal(HttpPutFormContentFilter.java:109)
	at org.springframework.web.filter.OncePerRequestFilter.doFilter(OncePerRequestFilter.java:107)
	at org.apache.catalina.core.ApplicationFilterChain.internalDoFilter(ApplicationFilterChain.java:193)
	at org.apache.catalina.core.ApplicationFilterChain.doFilter(ApplicationFilterChain.java:166)
	at org.springframework.web.filter.HiddenHttpMethodFilter.doFilterInternal(HiddenHttpMethodFilter.java:93)
	at org.springframework.web.filter.OncePerRequestFilter.doFilter(OncePerRequestFilter.java:107)
	at org.apache.catalina.core.ApplicationFilterChain.internalDoFilter(ApplicationFilterChain.java:193)
	at org.apache.catalina.core.ApplicationFilterChain.doFilter(ApplicationFilterChain.java:166)
	at org.springframework.web.filter.CharacterEncodingFilter.doFilterInternal(CharacterEncodingFilter.java:197)
	at org.springframework.web.filter.OncePerRequestFilter.doFilter(OncePerRequestFilter.java:107)
	at org.apache.catalina.core.ApplicationFilterChain.internalDoFilter(ApplicationFilterChain.java:193)
	at org.apache.catalina.core.ApplicationFilterChain.doFilter(ApplicationFilterChain.java:166)
	at org.apache.catalina.core.StandardWrapperValve.invoke(StandardWrapperValve.java:199)
	at org.apache.catalina.core.StandardContextValve.invoke(StandardContextValve.java:96)
	at org.apache.catalina.authenticator.AuthenticatorBase.invoke(AuthenticatorBase.java:493)
	at org.apache.catalina.core.StandardHostValve.invoke(StandardHostValve.java:137)
	at org.apache.catalina.valves.ErrorReportValve.invoke(ErrorReportValve.java:81)
	at org.apache.catalina.core.StandardEngineValve.invoke(StandardEngineValve.java:87)
	at org.apache.catalina.connector.CoyoteAdapter.service(CoyoteAdapter.java:343)
	at org.apache.coyote.http11.Http11Processor.service(Http11Processor.java:798)
	at org.apache.coyote.AbstractProcessorLight.process(AbstractProcessorLight.java:66)
	at org.apache.coyote.AbstractProtocol$ConnectionHandler.process(AbstractProtocol.java:808)
	at org.apache.tomcat.util.net.NioEndpoint$SocketProcessor.doRun(NioEndpoint.java:1498)
	at org.apache.tomcat.util.net.SocketProcessorBase.run(SocketProcessorBase.java:49)
	at java.util.concurrent.ThreadPoolExecutor.runWorker(ThreadPoolExecutor.java:1149)
	at java.util.concurrent.ThreadPoolExecutor$Worker.run(ThreadPoolExecutor.java:624)
	at org.apache.tomcat.util.threads.TaskThread$WrappingRunnable.run(TaskThread.java:61)
	at java.lang.Thread.run(Thread.java:748)
09:52:25.512 [Camel (camel-1) thread #2 - JmsConsumer[dev_nvn_TEST_QUEUE]] ERROR - o.a.c.c.j.DefaultJmsMessageListenerContainer:::: - Could not refresh JMS Connection for destination 'dev_nvn_TEST_QUEUE' - retrying using FixedBackOff{interval=5000, currentAttempts=1, maxAttempts=unlimited}. Cause: Could not connect to broker URL: tcp://localhost:61616. Reason: java.net.ConnectException: Connection refused (Connection refused)
09:52:30.523 [Camel (camel-1) thread #2 - JmsConsumer[dev_nvn_TEST_QUEUE]] ERROR - o.a.c.c.j.DefaultJmsMessageListenerContainer:::: - Could not refresh JMS Connection for destination 'dev_nvn_TEST_QUEUE' - retrying using FixedBackOff{interval=5000, currentAttempts=2, maxAttempts=unlimited}. Cause: Could not connect to broker URL: tcp://localhost:61616. Reason: java.net.ConnectException: Connection refused (Connection refused)
09:52:35.527 [Camel (camel-1) thread #2 - JmsConsumer[dev_nvn_TEST_QUEUE]] ERROR - o.a.c.c.j.DefaultJmsMessageListenerContainer:::: - Could not refresh JMS Connection for destination 'dev_nvn_TEST_QUEUE' - retrying using FixedBackOff{interval=5000, currentAttempts=3, maxAttempts=unlimited}. Cause: Could not connect to broker URL: tcp://localhost:61616. Reason: java.net.ConnectException: Connection refused (Connection refused)
09:52:40.532 [Camel (camel-1) thread #2 - JmsConsumer[dev_nvn_TEST_QUEUE]] ERROR - o.a.c.c.j.DefaultJmsMessageListenerContainer:::: - Could not refresh JMS Connection for destination 'dev_nvn_TEST_QUEUE' - retrying using FixedBackOff{interval=5000, currentAttempts=4, maxAttempts=unlimited}. Cause: Could not connect to broker URL: tcp://localhost:61616. Reason: java.net.ConnectException: Connection refused (Connection refused)
09:52:45.536 [Camel (camel-1) thread #2 - JmsConsumer[dev_nvn_TEST_QUEUE]] ERROR - o.a.c.c.j.DefaultJmsMessageListenerContainer:::: - Could not refresh JMS Connection for destination 'dev_nvn_TEST_QUEUE' - retrying using FixedBackOff{interval=5000, currentAttempts=5, maxAttempts=unlimited}. Cause: Could not connect to broker URL: tcp://localhost:61616. Reason: java.net.ConnectException: Connection refused (Connection refused)
09:52:50.540 [Camel (camel-1) thread #2 - JmsConsumer[dev_nvn_TEST_QUEUE]] ERROR - o.a.c.c.j.DefaultJmsMessageListenerContainer:::: - Could not refresh JMS Connection for destination 'dev_nvn_TEST_QUEUE' - retrying using FixedBackOff{interval=5000, currentAttempts=6, maxAttempts=unlimited}. Cause: Could not connect to broker URL: tcp://localhost:61616. Reason: java.net.ConnectException: Connection refused (Connection refused)
09:52:55.544 [Camel (camel-1) thread #2 - JmsConsumer[dev_nvn_TEST_QUEUE]] ERROR - o.a.c.c.j.DefaultJmsMessageListenerContainer:::: - Could not refresh JMS Connection for destination 'dev_nvn_TEST_QUEUE' - retrying using FixedBackOff{interval=5000, currentAttempts=7, maxAttempts=unlimited}. Cause: Could not connect to broker URL: tcp://localhost:61616. Reason: java.net.ConnectException: Connection refused (Connection refused)
09:53:00.546 [Camel (camel-1) thread #2 - JmsConsumer[dev_nvn_TEST_QUEUE]] ERROR - o.a.c.c.j.DefaultJmsMessageListenerContainer:::: - Could not refresh JMS Connection for destination 'dev_nvn_TEST_QUEUE' - retrying using FixedBackOff{interval=5000, currentAttempts=8, maxAttempts=unlimited}. Cause: Could not connect to broker URL: tcp://localhost:61616. Reason: java.net.ConnectException: Connection refused (Connection refused)
09:53:05.550 [Camel (camel-1) thread #2 - JmsConsumer[dev_nvn_TEST_QUEUE]] ERROR - o.a.c.c.j.DefaultJmsMessageListenerContainer:::: - Could not refresh JMS Connection for destination 'dev_nvn_TEST_QUEUE' - retrying using FixedBackOff{interval=5000, currentAttempts=9, maxAttempts=unlimited}. Cause: Could not connect to broker URL: tcp://localhost:61616. Reason: java.net.ConnectException: Connection refused (Connection refused)
09:53:10.554 [Camel (camel-1) thread #2 - JmsConsumer[dev_nvn_TEST_QUEUE]] ERROR - o.a.c.c.j.DefaultJmsMessageListenerContainer:::: - Could not refresh JMS Connection for destination 'dev_nvn_TEST_QUEUE' - retrying using FixedBackOff{interval=5000, currentAttempts=10, maxAttempts=unlimited}. Cause: Could not connect to broker URL: tcp://localhost:61616. Reason: java.net.ConnectException: Connection refused (Connection refused)
09:53:15.556 [Camel (camel-1) thread #2 - JmsConsumer[dev_nvn_TEST_QUEUE]] ERROR - o.a.c.c.j.DefaultJmsMessageListenerContainer:::: - Could not refresh JMS Connection for destination 'dev_nvn_TEST_QUEUE' - retrying using FixedBackOff{interval=5000, currentAttempts=11, maxAttempts=unlimited}. Cause: Could not connect to broker URL: tcp://localhost:61616. Reason: java.net.ConnectException: Connection refused (Connection refused)
09:53:20.557 [Camel (camel-1) thread #2 - JmsConsumer[dev_nvn_TEST_QUEUE]] ERROR - o.a.c.c.j.DefaultJmsMessageListenerContainer:::: - Could not refresh JMS Connection for destination 'dev_nvn_TEST_QUEUE' - retrying using FixedBackOff{interval=5000, currentAttempts=12, maxAttempts=unlimited}. Cause: Could not connect to broker URL: tcp://localhost:61616. Reason: java.net.ConnectException: Connection refused (Connection refused)
09:53:25.712 [Camel (camel-1) thread #2 - JmsConsumer[dev_nvn_TEST_QUEUE]] INFO  - o.a.c.c.j.DefaultJmsMessageListenerContainer:::: - Successfully refreshed JMS Connection
09:53:29.843 [http-nio-8080-exec-4] INFO  - nvn::thanhtv3::TestController - adapter/provision___
09:53:29.844 [http-nio-8080-exec-4] INFO  - nvn::::TestController - before enqueue ---
09:53:29.964 [http-nio-8080-exec-4] INFO  - nvn::::TestController - After enqueue ---
09:53:29.982 [Camel (camel-1) thread #3 - JmsConsumer[dev_nvn_TEST_QUEUE]] INFO  - NVN::::TestProcessor - process ---- starting ---- 
09:53:29.991 [Camel (camel-1) thread #3 - JmsConsumer[dev_nvn_TEST_QUEUE]] INFO  - NVN::::TestProcessor - process testModel: TestModel{id=1, name='test_____'}
09:54:24.231 [Camel Thread #1 - CamelHangupInterceptor] INFO  - o.a.c.m.MainSupport$HangupInterceptor:::: - Received hang up - stopping the main instance.
09:54:24.234 [Thread-5] INFO  - o.s.b.c.e.AnnotationConfigEmbeddedWebApplicationContext:::: - Closing org.springframework.boot.context.embedded.AnnotationConfigEmbeddedWebApplicationContext@3bb9a3ff: startup date [Tue Apr 07 09:52:05 ICT 2020]; root of context hierarchy
09:54:24.236 [Camel Thread #1 - CamelHangupInterceptor] INFO  - o.a.c.s.SpringCamelContext:::: - Apache Camel 2.21.5 (CamelContext: camel-1) is shutting down
09:54:24.237 [Camel Thread #1 - CamelHangupInterceptor] INFO  - o.a.c.i.DefaultShutdownStrategy:::: - Starting to graceful shutdown 1 routes (timeout 300 seconds)
09:54:24.239 [Thread-5] INFO  - o.s.c.s.DefaultLifecycleProcessor:::: - Stopping beans in phase 2147483647
09:54:24.243 [Thread-5] INFO  - o.s.j.e.a.AnnotationMBeanExporter:::: - Unregistering JMX-exposed beans on shutdown
09:54:25.037 [Camel (camel-1) thread #4 - ShutdownTask] INFO  - o.a.c.i.DefaultShutdownStrategy:::: - Route: route1 shutdown complete, was consuming from: activemq://queue:dev_nvn_TEST_QUEUE
09:54:25.040 [Camel Thread #1 - CamelHangupInterceptor] INFO  - o.a.c.i.DefaultShutdownStrategy:::: - Graceful shutdown of 1 routes completed in 0 seconds
09:54:25.089 [Camel Thread #1 - CamelHangupInterceptor] INFO  - o.a.c.m.MainLifecycleStrategy:::: - CamelContext: camel-1 has been shutdown, triggering shutdown of the JVM.
09:54:25.115 [Camel Thread #1 - CamelHangupInterceptor] INFO  - o.a.c.s.SpringCamelContext:::: - Apache Camel 2.21.5 (CamelContext: camel-1) uptime 2 minutes
09:54:25.115 [Camel Thread #1 - CamelHangupInterceptor] INFO  - o.a.c.s.SpringCamelContext:::: - Apache Camel 2.21.5 (CamelContext: camel-1) is shutdown in 0.879 seconds
